<?xml version="1.0" encoding="UTF-8"?>
<testng-results skipped="0" failed="0" ignored="0" total="1" passed="1">
  <reporter-output>
  </reporter-output>
  <suite name="Suite" duration-ms="14812" started-at="2021-01-04T09:46:33 EST" finished-at="2021-01-04T09:46:48 EST">
    <groups>
    </groups>
    <test name="Test" duration-ms="14812" started-at="2021-01-04T09:46:33 EST" finished-at="2021-01-04T09:46:48 EST">
      <class name="MavenSelenium.MavenSeleniumJava.ExempleTest">
        <test-method status="PASS" signature="printSomething()[pri:0, instance:MavenSelenium.MavenSeleniumJava.ExempleTest@66480dd7]" name="printSomething" duration-ms="14707" started-at="2021-01-04T09:46:33 EST" finished-at="2021-01-04T09:46:48 EST">
          <reporter-output>
          </reporter-output>
        </test-method> <!-- printSomething -->
      </class> <!-- MavenSelenium.MavenSeleniumJava.ExempleTest -->
    </test> <!-- Test -->
  </suite> <!-- Suite -->
</testng-results>
