<?xml version="1.0" encoding="UTF-8"?>
<testng-results skipped="0" failed="0" ignored="0" total="1" passed="1">
  <reporter-output>
  </reporter-output>
  <suite name="Default suite" duration-ms="16325" started-at="2021-01-04T09:43:57 EST" finished-at="2021-01-04T09:44:14 EST">
    <groups>
    </groups>
    <test name="Default test" duration-ms="16325" started-at="2021-01-04T09:43:57 EST" finished-at="2021-01-04T09:44:14 EST">
      <class name="MavenSelenium.MavenSeleniumJava.ExempleTest">
        <test-method status="PASS" signature="printSomething()[pri:0, instance:MavenSelenium.MavenSeleniumJava.ExempleTest@5d76b067]" name="printSomething" duration-ms="16203" started-at="2021-01-04T09:43:57 EST" finished-at="2021-01-04T09:44:14 EST">
          <reporter-output>
          </reporter-output>
        </test-method> <!-- printSomething -->
      </class> <!-- MavenSelenium.MavenSeleniumJava.ExempleTest -->
    </test> <!-- Default test -->
  </suite> <!-- Default suite -->
</testng-results>
